Application/android/app/build/intermediates/manifest_merge_blame_file/release/manifest-merger-blame-release-report.txt
1<?xml version="1.0" encoding="utf-8"?>
2<manifest xmlns:android="http://schemas.android.com/apk/res/android"
3    package="com.example.village_app"
4    android:versionCode="1"
5    android:versionName="1.0.0" >
6
7    <uses-sdk
8        android:minSdkVersion="19"
8-->src\main\AndroidManifest.xml
9        android:targetSdkVersion="33" />
9-->src\main\AndroidManifest.xml
10
11    <uses-permission android:name="android.permission.READ_EXTERNAL_STORAGE" />
11-->src\main\AndroidManifest.xml:2:5-79
11-->src\main\AndroidManifest.xml:2:22-77
12    <uses-permission android:name="android.permission.WRITE_EXTERNAL_STORAGE" />
12-->src\main\AndroidManifest.xml:3:5-80
12-->src\main\AndroidManifest.xml:3:22-78
13    <uses-permission android:name="android.permission.CAMERA" />
13-->src\main\AndroidManifest.xml:4:5-64
13-->src\main\AndroidManifest.xml:4:22-62
14    <uses-permission android:name="android.permission.ACCESS_FINE_LOCATION" />
14-->src\main\AndroidManifest.xml:5:5-79
14-->src\main\AndroidManifest.xml:5:22-76
15    <uses-permission android:name="android.permission.ACCESS_COARSE_LOCATION" />
15-->src\main\AndroidManifest.xml:6:5-81
15-->src\main\AndroidManifest.xml:6:22-78
16    <!--
17         Required to query activities that can process text, see:
18         https://developer.android.com/training/package-visibility?hl=en and
19         https://developer.android.com/reference/android/content/Intent#ACTION_PROCESS_TEXT.
20
21         In particular, this is used by the Flutter engine in io.flutter.plugin.text.ProcessTextPlugin.
22    -->
23    <queries>
23-->src\main\AndroidManifest.xml:43:5-48:15
24        <intent>
24-->src\main\AndroidManifest.xml:44:9-47:18
25            <action android:name="android.intent.action.PROCESS_TEXT" />
25-->src\main\AndroidManifest.xml:45:13-72
25-->src\main\AndroidManifest.xml:45:21-70
26
27            <data android:mimeType="text/plain" />
27-->src\main\AndroidManifest.xml:46:13-50
27-->src\main\AndroidManifest.xml:46:19-48
28        </intent>
29    </queries>
30
31    <permission
31-->[androidx.core:core:1.13.0] AndroidManifest.xml:22:5-24:47
32        android:name="com.example.village_app.DYNAMIC_RECEIVER_NOT_EXPORTED_PERMISSION"
32-->[androidx.core:core:1.13.0] AndroidManifest.xml:23:9-81
33        android:protectionLevel="signature" />
33-->[androidx.core:core:1.13.0] AndroidManifest.xml:24:9-44
34
35    <uses-permission android:name="com.example.village_app.DYNAMIC_RECEIVER_NOT_EXPORTED_PERMISSION" />
35-->[androidx.core:core:1.13.0] AndroidManifest.xml:26:5-97
35-->[androidx.core:core:1.13.0] AndroidManifest.xml:26:22-94
36
37    <application
38        android:name="android.app.Application"
38-->src\main\AndroidManifest.xml:9:9-42
39        android:appComponentFactory="androidx.core.app.CoreComponentFactory"
39-->[androidx.core:core:1.13.0] AndroidManifest.xml:28:18-86
40        android:icon="@mipmap/ic_launcher"
40-->src\main\AndroidManifest.xml:10:9-43
41        android:label="village_app" >
41-->src\main\AndroidManifest.xml:8:9-36
42        <activity
42-->src\main\AndroidManifest.xml:11:9-31:20
43            android:name="com.example.village_app.MainActivity"
43-->src\main\AndroidManifest.xml:12:13-41
44            android:configChanges="orientation|keyboardHidden|keyboard|screenSize|smallestScreenSize|locale|layoutDirection|fontScale|screenLayout|density|uiMode"
44-->src\main\AndroidManifest.xml:16:13-163
45            android:exported="true"
45-->src\main\AndroidManifest.xml:13:13-36
46            android:hardwareAccelerated="true"
46-->src\main\AndroidManifest.xml:17:13-47
47            android:launchMode="singleTop"
47-->src\main\AndroidManifest.xml:14:13-43
48            android:theme="@style/LaunchTheme"
48-->src\main\AndroidManifest.xml:15:13-47
49            android:windowSoftInputMode="adjustResize" >
49-->src\main\AndroidManifest.xml:18:13-55
50
51            <!--
52                 Specifies an Android theme to apply to this Activity as soon as
53                 the Android process has started. This theme is visible to the user
54                 while the Flutter UI initializes. After that, this theme continues
55                 to determine the Window background behind the Flutter UI.
56            -->
57            <meta-data
57-->src\main\AndroidManifest.xml:23:13-26:17
58                android:name="io.flutter.embedding.android.NormalTheme"
58-->src\main\AndroidManifest.xml:24:15-70
59                android:resource="@style/NormalTheme" />
59-->src\main\AndroidManifest.xml:25:15-52
60
61            <intent-filter>
61-->src\main\AndroidManifest.xml:27:13-30:29
62                <action android:name="android.intent.action.MAIN" />
62-->src\main\AndroidManifest.xml:28:17-68
62-->src\main\AndroidManifest.xml:28:25-66
63
64                <category android:name="android.intent.category.LAUNCHER" />
64-->src\main\AndroidManifest.xml:29:17-76
64-->src\main\AndroidManifest.xml:29:27-74
65            </intent-filter>
66        </activity>
67        <!--
68             Don't delete the meta-data below.
69             This is used by the Flutter tool to generate GeneratedPluginRegistrant.java
70        -->
71        <meta-data
71-->src\main\AndroidManifest.xml:34:9-36:33
72            android:name="flutterEmbedding"
72-->src\main\AndroidManifest.xml:35:13-44
73            android:value="2" />
73-->src\main\AndroidManifest.xml:36:13-30
74
75        <service
75-->[:geolocator_android] AndroidManifest.xml:10:9-14:56
76            android:name="com.baseflow.geolocator.GeolocatorLocationService"
76-->[:geolocator_android] AndroidManifest.xml:11:13-77
77            android:enabled="true"
77-->[:geolocator_android] AndroidManifest.xml:12:13-35
78            android:exported="false"
78-->[:geolocator_android] AndroidManifest.xml:13:13-37
79            android:foregroundServiceType="location" />
79-->[:geolocator_android] AndroidManifest.xml:14:13-53
80
81        <provider
81-->[:image_picker_android] AndroidManifest.xml:11:9-19:20
82            android:name="io.flutter.plugins.imagepicker.ImagePickerFileProvider"
82-->[:image_picker_android] AndroidManifest.xml:12:13-82
83            android:authorities="com.example.village_app.flutter.image_provider"
83-->[:image_picker_android] AndroidManifest.xml:13:13-74
84            android:exported="false"
84-->[:image_picker_android] AndroidManifest.xml:14:13-37
85            android:grantUriPermissions="true" >
85-->[:image_picker_android] AndroidManifest.xml:15:13-47
86            <meta-data
86-->[:image_picker_android] AndroidManifest.xml:16:13-18:75
87                android:name="android.support.FILE_PROVIDER_PATHS"
87-->[:image_picker_android] AndroidManifest.xml:17:17-67
88                android:resource="@xml/flutter_image_picker_file_paths" />
88-->[:image_picker_android] AndroidManifest.xml:18:17-72
89        </provider> <!-- Trigger Google Play services to install the backported photo picker module. -->
90        <service
90-->[:image_picker_android] AndroidManifest.xml:21:9-33:19
91            android:name="com.google.android.gms.metadata.ModuleDependencies"
91-->[:image_picker_android] AndroidManifest.xml:22:13-78
92            android:enabled="false"
92-->[:image_picker_android] AndroidManifest.xml:23:13-36
93            android:exported="false" >
93-->[:image_picker_android] AndroidManifest.xml:24:13-37
94            <intent-filter>
94-->[:image_picker_android] AndroidManifest.xml:26:13-28:29
95                <action android:name="com.google.android.gms.metadata.MODULE_DEPENDENCIES" />
95-->[:image_picker_android] AndroidManifest.xml:27:17-94
95-->[:image_picker_android] AndroidManifest.xml:27:25-91
96            </intent-filter>
97
98            <meta-data
98-->[:image_picker_android] AndroidManifest.xml:30:13-32:36
99                android:name="photopicker_activity:0:required"
99-->[:image_picker_android] AndroidManifest.xml:31:17-63
100                android:value="" />
100-->[:image_picker_android] AndroidManifest.xml:32:17-33
101        </service>
102
103        <activity
103-->[:url_launcher_android] AndroidManifest.xml:10:9-13:74
104            android:name="io.flutter.plugins.urllauncher.WebViewActivity"
104-->[:url_launcher_android] AndroidManifest.xml:11:13-74
105            android:exported="false"
105-->[:url_launcher_android] AndroidManifest.xml:12:13-37
106            android:theme="@android:style/Theme.NoTitleBar.Fullscreen" />
106-->[:url_launcher_android] AndroidManifest.xml:13:13-71
107        <activity
107-->[com.google.android.gms:play-services-base:18.3.0] AndroidManifest.xml:20:9-22:45
108            android:name="com.google.android.gms.common.api.GoogleApiActivity"
108-->[com.google.android.gms:play-services-base:18.3.0] AndroidManifest.xml:20:19-85
109            android:exported="false"
109-->[com.google.android.gms:play-services-base:18.3.0] AndroidManifest.xml:22:19-43
110            android:theme="@android:style/Theme.Translucent.NoTitleBar" />
110-->[com.google.android.gms:play-services-base:18.3.0] AndroidManifest.xml:21:19-78
111
112        <meta-data
112-->[com.google.android.gms:play-services-basement:18.3.0] AndroidManifest.xml:21:9-23:69
113            android:name="com.google.android.gms.version"
113-->[com.google.android.gms:play-services-basement:18.3.0] AndroidManifest.xml:22:13-58
114            android:value="@integer/google_play_services_version" />
114-->[com.google.android.gms:play-services-basement:18.3.0] AndroidManifest.xml:23:13-66
115
116        <uses-library
116-->[androidx.window:window:1.0.0-beta04] AndroidManifest.xml:25:9-27:40
117            android:name="androidx.window.extensions"
117-->[androidx.window:window:1.0.0-beta04] AndroidManifest.xml:26:13-54
118            android:required="false" />
118-->[androidx.window:window:1.0.0-beta04] AndroidManifest.xml:27:13-37
119        <uses-library
119-->[androidx.window:window:1.0.0-beta04] AndroidManifest.xml:28:9-30:40
120            android:name="androidx.window.sidecar"
120-->[androidx.window:window:1.0.0-beta04] AndroidManifest.xml:29:13-51
121            android:required="false" />
121-->[androidx.window:window:1.0.0-beta04] AndroidManifest.xml:30:13-37
122
123        <provider
123-->[androidx.profileinstaller:profileinstaller:1.3.0] AndroidManifest.xml:24:9-32:20
124            android:name="androidx.startup.InitializationProvider"
124-->[androidx.profileinstaller:profileinstaller:1.3.0] AndroidManifest.xml:25:13-67
125            android:authorities="com.example.village_app.androidx-startup"
125-->[androidx.profileinstaller:profileinstaller:1.3.0] AndroidManifest.xml:26:13-68
126            android:exported="false" >
126-->[androidx.profileinstaller:profileinstaller:1.3.0] AndroidManifest.xml:27:13-37
127            <meta-data
127-->[androidx.profileinstaller:profileinstaller:1.3.0] AndroidManifest.xml:29:13-31:52
128                android:name="androidx.profileinstaller.ProfileInstallerInitializer"
128-->[androidx.profileinstaller:profileinstaller:1.3.0] AndroidManifest.xml:30:17-85
129                android:value="androidx.startup" />
129-->[androidx.profileinstaller:profileinstaller:1.3.0] AndroidManifest.xml:31:17-49
130        </provider>
131
132        <receiver
132-->[androidx.profileinstaller:profileinstaller:1.3.0] AndroidManifest.xml:34:9-52:20
133            android:name="androidx.profileinstaller.ProfileInstallReceiver"
133-->[androidx.profileinstaller:profileinstaller:1.3.0] AndroidManifest.xml:35:13-76
134            android:directBootAware="false"
134-->[androidx.profileinstaller:profileinstaller:1.3.0] AndroidManifest.xml:36:13-44
135            android:enabled="true"
135-->[androidx.profileinstaller:profileinstaller:1.3.0] AndroidManifest.xml:37:13-35
136            android:exported="true"
136-->[androidx.profileinstaller:profileinstaller:1.3.0] AndroidManifest.xml:38:13-36
137            android:permission="android.permission.DUMP" >
137-->[androidx.profileinstaller:profileinstaller:1.3.0] AndroidManifest.xml:39:13-57
138            <intent-filter>
138-->[androidx.profileinstaller:profileinstaller:1.3.0] AndroidManifest.xml:40:13-42:29
139                <action android:name="androidx.profileinstaller.action.INSTALL_PROFILE" />
139-->[androidx.profileinstaller:profileinstaller:1.3.0] AndroidManifest.xml:41:17-91
139-->[androidx.profileinstaller:profileinstaller:1.3.0] AndroidManifest.xml:41:25-88
140            </intent-filter>
141            <intent-filter>
141-->[androidx.profileinstaller:profileinstaller:1.3.0] AndroidManifest.xml:43:13-45:29
142                <action android:name="androidx.profileinstaller.action.SKIP_FILE" />
142-->[androidx.profileinstaller:profileinstaller:1.3.0] AndroidManifest.xml:44:17-85
142-->[androidx.profileinstaller:profileinstaller:1.3.0] AndroidManifest.xml:44:25-82
143            </intent-filter>
144            <intent-filter>
144-->[androidx.profileinstaller:profileinstaller:1.3.0] AndroidManifest.xml:46:13-48:29
145                <action android:name="androidx.profileinstaller.action.SAVE_PROFILE" />
145-->[androidx.profileinstaller:profileinstaller:1.3.0] AndroidManifest.xml:47:17-88
145-->[androidx.profileinstaller:profileinstaller:1.3.0] AndroidManifest.xml:47:25-85
146            </intent-filter>
147            <intent-filter>
147-->[androidx.profileinstaller:profileinstaller:1.3.0] AndroidManifest.xml:49:13-51:29
148                <action android:name="androidx.profileinstaller.action.BENCHMARK_OPERATION" />
148-->[androidx.profileinstaller:profileinstaller:1.3.0] AndroidManifest.xml:50:17-95
148-->[androidx.profileinstaller:profileinstaller:1.3.0] AndroidManifest.xml:50:25-92
149            </intent-filter>
150        </receiver>
151    </application>
152
153</manifest>